e:\google drive\ulg\m0\git\pa_p1\x64\release\vc141.pdb
e:\google drive\ulg\m0\git\pa_p1\x64\release\sort.obj
e:\google drive\ulg\m0\git\pa_p1\x64\release\randomizedquicksort.obj
e:\google drive\ulg\m0\git\pa_p1\x64\release\quicksort.obj
e:\google drive\ulg\m0\git\pa_p1\x64\release\main.obj
e:\google drive\ulg\m0\git\pa_p1\x64\release\insertionsort.obj
e:\google drive\ulg\m0\git\pa_p1\x64\release\heapsort.obj
e:\google drive\ulg\m0\git\pa_p1\x64\release\gsort.obj
e:\google drive\ulg\m0\git\pa_p1\x64\release\array.obj
e:\google drive\ulg\m0\git\pa_p1\x64\release\pa_p1.pdb
e:\google drive\ulg\m0\git\pa_p1\x64\release\pa_p1.tlog\cl.command.1.tlog
e:\google drive\ulg\m0\git\pa_p1\x64\release\pa_p1.tlog\cl.read.1.tlog
e:\google drive\ulg\m0\git\pa_p1\x64\release\pa_p1.tlog\cl.write.1.tlog
e:\google drive\ulg\m0\git\pa_p1\x64\release\pa_p1.tlog\link-cvtres.read.1.tlog
e:\google drive\ulg\m0\git\pa_p1\x64\release\pa_p1.tlog\link-cvtres.write.1.tlog
e:\google drive\ulg\m0\git\pa_p1\x64\release\pa_p1.tlog\link-rc.read.1.tlog
e:\google drive\ulg\m0\git\pa_p1\x64\release\pa_p1.tlog\link-rc.write.1.tlog
e:\google drive\ulg\m0\git\pa_p1\x64\release\pa_p1.tlog\link.command.1.tlog
e:\google drive\ulg\m0\git\pa_p1\x64\release\pa_p1.tlog\link.read.1.tlog
e:\google drive\ulg\m0\git\pa_p1\x64\release\pa_p1.tlog\link.write.1.tlog
