e:\google drive\ulg\m0\git\pa_p1\x64\debug\vc141.pdb
e:\google drive\ulg\m0\git\pa_p1\x64\debug\vc141.idb
e:\google drive\ulg\m0\git\pa_p1\x64\debug\array.obj
e:\google drive\ulg\m0\git\pa_p1\x64\debug\gsort.obj
e:\google drive\ulg\m0\git\pa_p1\x64\debug\heapsort.obj
e:\google drive\ulg\m0\git\pa_p1\x64\debug\insertionsort.obj
e:\google drive\ulg\m0\git\pa_p1\x64\debug\main.obj
e:\google drive\ulg\m0\git\pa_p1\x64\debug\quicksort.obj
e:\google drive\ulg\m0\git\pa_p1\x64\debug\randomizedquicksort.obj
e:\google drive\ulg\m0\git\pa_p1\x64\debug\sort.obj
e:\google drive\ulg\m0\git\pa_p1\x64\debug\pa_p1.pdb
e:\google drive\ulg\m0\git\pa_p1\x64\debug\pa_p1.tlog\cl.command.1.tlog
e:\google drive\ulg\m0\git\pa_p1\x64\debug\pa_p1.tlog\cl.read.1.tlog
e:\google drive\ulg\m0\git\pa_p1\x64\debug\pa_p1.tlog\cl.write.1.tlog
e:\google drive\ulg\m0\git\pa_p1\x64\debug\pa_p1.tlog\link-cvtres.read.1.tlog
e:\google drive\ulg\m0\git\pa_p1\x64\debug\pa_p1.tlog\link-cvtres.write.1.tlog
e:\google drive\ulg\m0\git\pa_p1\x64\debug\pa_p1.tlog\link-rc.read.1.tlog
e:\google drive\ulg\m0\git\pa_p1\x64\debug\pa_p1.tlog\link-rc.write.1.tlog
e:\google drive\ulg\m0\git\pa_p1\x64\debug\pa_p1.tlog\link.command.1.tlog
e:\google drive\ulg\m0\git\pa_p1\x64\debug\pa_p1.tlog\link.read.1.tlog
e:\google drive\ulg\m0\git\pa_p1\x64\debug\pa_p1.tlog\link.write.1.tlog
